<?xml version="1.0" encoding="UTF-8"?>
<!-- Generated by org.testng.reporters.JUnitReportReporter -->
<testsuite hostname="LAPTOP-BC80F5DU" failures="0" tests="2" name="SeleniumWebAutomation.HomePage" time="10.443" errors="0" timestamp="2021-06-12T07:22:28 IST" skipped="0">
  <testcase classname="SeleniumWebAutomation.HomePage" name="basePageNavigation" time="8.313"/>
  <system-out/>
  <testcase classname="SeleniumWebAutomation.HomePage" name="basePageNavigation" time="2.130"/>
  <system-out/>
</testsuite> <!-- SeleniumWebAutomation.HomePage -->
