<?xml version="1.0" encoding="UTF-8"?>
<!-- Generated by org.testng.reporters.JUnitReportReporter -->
<testsuite hostname="LAPTOP-BC80F5DU" failures="0" tests="2" name="SeleniumWebAutomation.HomePage" time="24.744" errors="0" timestamp="2021-06-10T12:16:58 IST" skipped="0">
  <testcase classname="SeleniumWebAutomation.HomePage" name="basePageNavigation" time="6.843"/>
  <system-out/>
  <testcase classname="SeleniumWebAutomation.HomePage" name="basePageNavigation" time="17.901"/>
  <system-out/>
</testsuite> <!-- SeleniumWebAutomation.HomePage -->
