<?xml version="1.0" encoding="UTF-8"?>
<!-- Generated by org.testng.reporters.JUnitReportReporter -->
<testsuite hostname="LAPTOP-BC80F5DU" failures="0" tests="1" name="SeleniumWebAutomation.AssertionNavBar" time="28.671" errors="0" timestamp="2021-06-10T19:57:34 IST" skipped="0">
  <testcase classname="SeleniumWebAutomation.AssertionNavBar" name="basePageNavigation" time="28.671"/>
  <system-out/>
</testsuite> <!-- SeleniumWebAutomation.AssertionNavBar -->
