<?xml version="1.0" encoding="UTF-8"?>
<!-- Generated by org.testng.reporters.JUnitReportReporter -->
<testsuite hostname="LAPTOP-BC80F5DU" failures="0" tests="2" name="SeleniumWebAutomation.HomePage" time="17.331" errors="0" timestamp="2021-06-13T10:13:09 IST" skipped="0">
  <testcase classname="SeleniumWebAutomation.HomePage" name="basePageNavigation" time="2.149"/>
  <system-out/>
  <testcase classname="SeleniumWebAutomation.HomePage" name="basePageNavigation" time="15.182"/>
  <system-out/>
</testsuite> <!-- SeleniumWebAutomation.HomePage -->
