<?xml version="1.0" encoding="UTF-8"?>
<!-- Generated by org.testng.reporters.JUnitReportReporter -->
<testsuite hostname="LAPTOP-BC80F5DU" failures="0" tests="1" name="SeleniumWebAutomation.ValidateTitle" time="0.076" errors="0" timestamp="2021-06-15T08:37:15 IST" skipped="0">
  <testcase classname="SeleniumWebAutomation.ValidateTitle" name="ValidateAppTitle" time="0.076"/>
  <system-out/>
</testsuite> <!-- SeleniumWebAutomation.ValidateTitle -->
