<?xml version="1.0" encoding="UTF-8"?>
<!-- Generated by org.testng.reporters.JUnitReportReporter -->
<testsuite hostname="LAPTOP-BC80F5DU" failures="0" tests="1" name="SeleniumWebAutomation.ValidateNavBar" time="0.048" errors="0" timestamp="2021-06-11T10:38:04 IST" skipped="0">
  <testcase classname="SeleniumWebAutomation.ValidateNavBar" name="basePageNavigation" time="0.048"/>
  <system-out/>
</testsuite> <!-- SeleniumWebAutomation.ValidateNavBar -->
