<?xml version="1.0" encoding="UTF-8"?>
<!-- Generated by org.testng.reporters.JUnitReportReporter -->
<testsuite hostname="LAPTOP-BC80F5DU" failures="0" tests="2" name="SeleniumWebAutomation.HomePage" time="84.964" errors="0" timestamp="2021-06-15T08:37:15 IST" skipped="0">
  <testcase classname="SeleniumWebAutomation.HomePage" name="basePageNavigation" time="37.539"/>
  <system-out/>
  <testcase classname="SeleniumWebAutomation.HomePage" name="basePageNavigation" time="47.425"/>
  <system-out/>
</testsuite> <!-- SeleniumWebAutomation.HomePage -->
