<?xml version="1.0" encoding="UTF-8"?>
<!-- Generated by org.testng.reporters.JUnitReportReporter -->
<testsuite hostname="LAPTOP-BC80F5DU" failures="0" tests="1" name="SeleniumWebAutomation.AssertionNavBar" time="15.469" errors="0" timestamp="2021-06-10T21:30:12 IST" skipped="0">
  <testcase classname="SeleniumWebAutomation.AssertionNavBar" name="basePageNavigation" time="15.469"/>
  <system-out/>
</testsuite> <!-- SeleniumWebAutomation.AssertionNavBar -->
