<?xml version="1.0" encoding="UTF-8"?>
<!-- Generated by org.testng.reporters.JUnitReportReporter -->
<testsuite hostname="LAPTOP-BC80F5DU" failures="0" tests="1" name="SeleniumWebAutomation.ValidateTitle" time="0.111" errors="0" timestamp="2021-06-12T07:20:47 IST" skipped="0">
  <testcase classname="SeleniumWebAutomation.ValidateTitle" name="basePageNavigation" time="0.111"/>
  <system-out/>
</testsuite> <!-- SeleniumWebAutomation.ValidateTitle -->
